Build started 9/13/2014 7:05:10 AM.
     1>Project "B:\!C++PROJECTS\MoneyMakers\PokerV2\PokerV2.vcxproj" on node 2 (Build target(s)).
     1>ClCompile:
         B:\VisualStudio\VC\bin\CL.exe /c /ZI /nologo /W3 /WX- /sdl /Od /Oy- /D _MBCS /Gm /EHsc /RTC1 /MDd /GS /fp:precise /Zc:wchar_t /Zc:forScope /Fo"Debug\\" /Fd"Debug\vc120.pdb" /Gd /TP /analyze- /errorReport:prompt Game.cpp Table.cpp test.cpp
         Table.cpp
         Game.cpp
         Generating Code...
     1>b:\!c++projects\moneymakers\pokerv2\game.cpp(86): warning C4715: 'Game::CreateTable' : not all control paths return a value
         Skipping... (no relevant changes detected)
         test.cpp
       Link:
         B:\VisualStudio\VC\bin\link.exe /ERRORREPORT:PROMPT /OUT:"B:\!C++PROJECTS\MoneyMakers\PokerV2\Debug\PokerV2.exe" /INCREMENTAL /NOLOGO kernel32.lib user32.lib gdi32.lib winspool.lib comdlg32.lib advapi32.lib shell32.lib ole32.lib oleaut32.lib uuid.lib odbc32.lib odbccp32.lib /MANIFEST /MANIFESTUAC:"level='asInvoker' uiAccess='false'" /manifest:embed /DEBUG /PDB:"B:\!C++PROJECTS\MoneyMakers\PokerV2\Debug\PokerV2.pdb" /TLBID:1 /DYNAMICBASE /NXCOMPAT /IMPLIB:"B:\!C++PROJECTS\MoneyMakers\PokerV2\Debug\PokerV2.lib" /MACHINE:X86 Debug\card.obj
         Debug\deal.obj
         Debug\Dealer.obj
         Debug\deck.obj
         Debug\Game.obj
         Debug\randgen.obj
         Debug\Table.obj
         Debug\test.obj
         PokerV2.vcxproj -> B:\!C++PROJECTS\MoneyMakers\PokerV2\Debug\PokerV2.exe
     1>Done Building Project "B:\!C++PROJECTS\MoneyMakers\PokerV2\PokerV2.vcxproj" (Build target(s)).

Build succeeded.

Time Elapsed 00:00:00.69
